Using pre-set license
Built from '2020.3/staging' branch; Version is '2020.3.17f1 (a4537701e4ab) revision 10769271'; Using compiler version '192528614'; Build Type 'Release'
OS: 'Windows 10 Home; OS build 19042.1237; Version 2009; 64bit' Language: 'es' Physical Memory: 8092 MB
BatchMode: 1, IsHumanControllingUs: 0, StartBugReporterOnCrash: 0, Is64bit: 1, IsPro: 0

COMMAND LINE ARGUMENTS:
D:\Unity\2020.3.17f1\Editor\Unity.exe
-adb2
-batchMode
-noUpm
-name
AssetImportWorker0
-projectPath
D:/Reisy/SourceCode/NaturalLapse
-logFile
Logs/AssetImportWorker0.log
-srvPort
59150
Successfully changed project path to: D:/Reisy/SourceCode/NaturalLapse
D:/Reisy/SourceCode/NaturalLapse
Using Asset Import Pipeline V2.
